<?xml version="1.0" encoding="UTF-8"?>
<!-- Generated by org.testng.reporters.JUnitXMLReporter -->
<testsuite hostname="MMs-MacBook-Air.home" ignored="2" tests="5" failures="0" timestamp="08 Apr 2020 19:15:37 GMT" time="433.887" errors="0">
  <testcase name="HomePage" time="6.18" classname="HomePageTest"/>
  <testcase name="verifyTitle" time="0.473" classname="FourStarsPageTest"/>
  <testcase name="getHeader" time="1.188" classname="FourStarsPageTest"/>
  <testcase name="threeStarHotelsList" time="189.361" classname="ThreeStarsPageTest"/>
  <testcase name="fourStarHotelsList" time="186.033" classname="FourStarsPageTest"/>
  <testcase name="verifyTitle" time="0.0" classname="ThreeStarsPageTest">
    <ignored/>
  </testcase> <!-- verifyTitle -->
  <testcase name="getHeader" time="0.0" classname="ThreeStarsPageTest">
    <ignored/>
  </testcase> <!-- getHeader -->
</testsuite>
