<?xml version="1.0" encoding="UTF-8"?>
<testng-results skipped="0" failed="0" ignored="2" total="7" passed="5">
  <reporter-output>
  </reporter-output>
  <suite name="Default suite" duration-ms="433887" started-at="2020-04-08T19:08:24Z" finished-at="2020-04-08T19:15:37Z">
    <groups>
    </groups>
    <test name="Default test" duration-ms="433887" started-at="2020-04-08T19:08:24Z" finished-at="2020-04-08T19:15:37Z">
      <class name="HomePageTest">
        <test-method status="PASS" signature="setUp()[pri:0, instance:HomePageTest@3c1e23ff]" name="setUp" is-config="true" duration-ms="9007" started-at="2020-04-08T19:08:24Z" finished-at="2020-04-08T19:08:33Z">
          <reporter-output>
          </reporter-output>
        </test-method> <!-- setUp -->
        <test-method status="PASS" signature="HomePage()[pri:1, instance:HomePageTest@3c1e23ff]" name="HomePage" duration-ms="6180" started-at="2020-04-08T19:08:33Z" description="Selecting Values" finished-at="2020-04-08T19:08:39Z">
          <reporter-output>
          </reporter-output>
        </test-method> <!-- HomePage -->
        <test-method status="PASS" signature="tearDown()[pri:0, instance:HomePageTest@3c1e23ff]" name="tearDown" is-config="true" duration-ms="253" started-at="2020-04-08T19:08:39Z" finished-at="2020-04-08T19:08:39Z">
          <reporter-output>
          </reporter-output>
        </test-method> <!-- tearDown -->
      </class> <!-- HomePageTest -->
      <class name="FourStarsPageTest">
        <test-method status="PASS" signature="setUp()[pri:0, instance:FourStarsPageTest@60297f36]" name="setUp" is-config="true" duration-ms="10170" started-at="2020-04-08T19:08:39Z" finished-at="2020-04-08T19:08:50Z">
          <reporter-output>
          </reporter-output>
        </test-method> <!-- setUp -->
        <test-method status="PASS" signature="verifyTitle()[pri:1, instance:FourStarsPageTest@60297f36]" name="verifyTitle" duration-ms="473" started-at="2020-04-08T19:08:50Z" description="Page Title Verification for Four Stars Hotels" finished-at="2020-04-08T19:08:50Z">
          <reporter-output>
          </reporter-output>
        </test-method> <!-- verifyTitle -->
        <test-method status="PASS" signature="tearDown()[pri:0, instance:FourStarsPageTest@60297f36]" name="tearDown" is-config="true" duration-ms="246" started-at="2020-04-08T19:08:50Z" finished-at="2020-04-08T19:08:50Z">
          <reporter-output>
          </reporter-output>
        </test-method> <!-- tearDown -->
        <test-method status="PASS" signature="setUp()[pri:0, instance:FourStarsPageTest@60297f36]" name="setUp" is-config="true" duration-ms="9775" started-at="2020-04-08T19:08:50Z" finished-at="2020-04-08T19:09:00Z">
          <reporter-output>
          </reporter-output>
        </test-method> <!-- setUp -->
        <test-method status="PASS" signature="getHeader()[pri:2, instance:FourStarsPageTest@60297f36]" name="getHeader" duration-ms="1188" started-at="2020-04-08T19:09:00Z" description="Headar Verification for Four Stars Hotels" finished-at="2020-04-08T19:09:01Z">
          <reporter-output>
          </reporter-output>
        </test-method> <!-- getHeader -->
        <test-method status="PASS" signature="tearDown()[pri:0, instance:FourStarsPageTest@60297f36]" name="tearDown" is-config="true" duration-ms="246" started-at="2020-04-08T19:09:01Z" finished-at="2020-04-08T19:09:01Z">
          <reporter-output>
          </reporter-output>
        </test-method> <!-- tearDown -->
        <test-method status="PASS" signature="setUp()[pri:0, instance:FourStarsPageTest@60297f36]" name="setUp" is-config="true" duration-ms="10542" started-at="2020-04-08T19:12:21Z" finished-at="2020-04-08T19:12:31Z">
          <reporter-output>
          </reporter-output>
        </test-method> <!-- setUp -->
        <test-method status="PASS" signature="fourStarHotelsList()[pri:3, instance:FourStarsPageTest@60297f36]" name="fourStarHotelsList" duration-ms="186033" started-at="2020-04-08T19:12:31Z" description="Collectiong the List for Four Stars Hotels" finished-at="2020-04-08T19:15:37Z">
          <reporter-output>
          </reporter-output>
        </test-method> <!-- fourStarHotelsList -->
        <test-method status="PASS" signature="tearDown()[pri:0, instance:FourStarsPageTest@60297f36]" name="tearDown" is-config="true" duration-ms="267" started-at="2020-04-08T19:15:37Z" finished-at="2020-04-08T19:15:37Z">
          <reporter-output>
          </reporter-output>
        </test-method> <!-- tearDown -->
      </class> <!-- FourStarsPageTest -->
      <class name="ThreeStarsPageTest">
        <test-method status="PASS" signature="setUp()[pri:0, instance:ThreeStarsPageTest@ceb4bd2]" name="setUp" is-config="true" duration-ms="9709" started-at="2020-04-08T19:09:01Z" finished-at="2020-04-08T19:09:11Z">
          <reporter-output>
          </reporter-output>
        </test-method> <!-- setUp -->
        <test-method status="PASS" signature="threeStarHotelsList()[pri:3, instance:ThreeStarsPageTest@ceb4bd2]" name="threeStarHotelsList" duration-ms="189361" started-at="2020-04-08T19:09:11Z" description="Collectiong the List for Three Stars Hotels" finished-at="2020-04-08T19:12:21Z">
          <reporter-output>
          </reporter-output>
        </test-method> <!-- threeStarHotelsList -->
      </class> <!-- ThreeStarsPageTest -->
    </test> <!-- Default test -->
  </suite> <!-- Default suite -->
</testng-results>
